[2025-03-20 19:06:54] Type: speed_to_lead, Data: {
    "type": "lead_created",
    "call_id": "81bb790e9c4460956a3d642b9d5a90fe",
    "user_id": 171251,
    "url": "AR Agent-BANIGHATI-FB-UAE-PHOTO 12-3-2025 ",
    "companyName": "Mierage Reality",
    "widget_key": "9d96d4a9961a7941388008950143c651",
    "widget_name": "AR Agent-BANIGHATI-FB-UAE-PHOTO 12-3-2025 ",
    "timezone": "Asia\/Dubai",
    "time_planned_iso_string": null,
    "is_delayed_call": false,
    "lead": {
        "lead_phone": "971554640852",
        "lead_ip_country": "AE",
        "lead_phone_country": "AE",
        "lead_id": "01JPRZ2SS83KZDVEZQW1RKD4H2",
        "time_created_iso_string": "2025-03-20T05:05:42.696Z",
        "source": "api init (Facebook)",
        "site_path": "api init (Facebook)",
        "referer": null,
        "ip": "178.62.223.85",
        "country": "AE",
        "additional": [],
        "custom_params": {
            "lc_param_name": "Samer",
            "lc_param_email": "Samer1990@gmail.com",
            "lc_param_conversion_method": "AR Agent-BANIGHATI-FB-UAE-PHOTO 12-3-2025",
            "api_source": "Facebook"
        }
    }
}
[2025-03-20 19:09:53] Type: speed_to_lead, Data: {
    "type": "lead_created",
    "call_id": "81bb790e9c4460956a3d642b9d5a90fe",
    "user_id": 171251,
    "url": "AR Agent-BANIGHATI-FB-UAE-PHOTO 12-3-2025 ",
    "companyName": "Mierage Reality",
    "widget_key": "9d96d4a9961a7941388008950143c651",
    "widget_name": "AR Agent-BANIGHATI-FB-UAE-PHOTO 12-3-2025 ",
    "timezone": "Asia\/Dubai",
    "time_planned_iso_string": null,
    "is_delayed_call": false,
    "lead": {
        "lead_phone": "971554640852",
        "lead_ip_country": "AE",
        "lead_phone_country": "AE",
        "lead_id": "01JPRZ2SS83KZDVEZQW1RKD4H2",
        "time_created_iso_string": "2025-03-20T05:05:42.696Z",
        "source": "api init (Facebook)",
        "site_path": "api init (Facebook)",
        "referer": null,
        "ip": "178.62.223.85",
        "country": "AE",
        "additional": [],
        "custom_params": {
            "lc_param_name": "Samer",
            "lc_param_email": "Samer1990@gmail.com",
            "lc_param_conversion_method": "AR Agent-BANIGHATI-FB-UAE-PHOTO 12-3-2025",
            "api_source": "Facebook"
        }
    }
}
[2025-03-20 19:10:21] Type: speed_to_lead, Data: {
    "type": "lead_created",
    "call_id": "81bb790e9c4460956a3d642b9d5a90fe",
    "user_id": 171251,
    "url": "AR Agent-BANIGHATI-FB-UAE-PHOTO 12-3-2025 ",
    "companyName": "Mierage Reality",
    "widget_key": "9d96d4a9961a7941388008950143c651",
    "widget_name": "AR Agent-BANIGHATI-FB-UAE-PHOTO 12-3-2025 ",
    "timezone": "Asia\/Dubai",
    "time_planned_iso_string": null,
    "is_delayed_call": false,
    "lead": {
        "lead_phone": "971554640852",
        "lead_ip_country": "AE",
        "lead_phone_country": "AE",
        "lead_id": "01JPRZ2SS83KZDVEZQW1RKD4H2",
        "time_created_iso_string": "2025-03-20T05:05:42.696Z",
        "source": "api init (Facebook)",
        "site_path": "api init (Facebook)",
        "referer": null,
        "ip": "178.62.223.85",
        "country": "AE",
        "additional": [],
        "custom_params": {
            "lc_param_name": "Samer",
            "lc_param_email": "Samer1990@gmail.com",
            "lc_param_conversion_method": "AR Agent-BANIGHATI-FB-UAE-PHOTO 12-3-2025",
            "api_source": "Facebook"
        }
    }
}
[2025-03-20 19:11:36] Type: speed_to_lead, Data: {
    "type": "lead_created",
    "call_id": "81bb790e9c4460956a3d642b9d5a90fe",
    "user_id": 171251,
    "url": "AR Agent-BANIGHATI-FB-UAE-PHOTO 12-3-2025 ",
    "companyName": "Mierage Reality",
    "widget_key": "9d96d4a9961a7941388008950143c651",
    "widget_name": "AR Agent-BANIGHATI-FB-UAE-PHOTO 12-3-2025 ",
    "timezone": "Asia\/Dubai",
    "time_planned_iso_string": null,
    "is_delayed_call": false,
    "lead": {
        "lead_phone": "971554640852",
        "lead_ip_country": "AE",
        "lead_phone_country": "AE",
        "lead_id": "01JPRZ2SS83KZDVEZQW1RKD4H2",
        "time_created_iso_string": "2025-03-20T05:05:42.696Z",
        "source": "api init (Facebook)",
        "site_path": "api init (Facebook)",
        "referer": null,
        "ip": "178.62.223.85",
        "country": "AE",
        "additional": [],
        "custom_params": {
            "lc_param_name": "Samer",
            "lc_param_email": "Samer1990@gmail.com",
            "lc_param_conversion_method": "AR Agent-BANIGHATI-FB-UAE-PHOTO 12-3-2025",
            "api_source": "Facebook"
        }
    }
}
